<?xml version="1.0" encoding="UTF-8" ?>
<testsuite tests="8" failures="0" name="PalindromesTest" time="0.004" errors="0" skipped="0">
  <properties>
[...]
</properties>
  <testcase classname="PalindromesTest" name="emptyInput_emptyOutput" time="0.003"/>
  <testcase classname="PalindromesTest" name="parLengthInput_zeroOutput" time="0"/>
  <testcase classname="PalindromesTest" name="simpleInput_normalOutput" time="0"/>
  <testcase classname="PalindromesTest" name="nonOnlyLettersNumbersInput_messageOutput" time="0.001"/>
  <testcase classname="PalindromesTest" name="tooLongInput_emptyOutput" time="0"/>
  <testcase classname="PalindromesTest" name="withSpacesInput_emptyOutput" time="0"/>
  <testcase classname="PalindromesTest" name="tooShortInput_tooShortOutput" time="0"/>
  <testcase classname="PalindromesTest" name="nullInput_nullOutput" time="0"/>
</testsuite>